2014-08-21 19:02:57.424 myApp[29717:70b] Multi-tasking -> Device: YES, App: YES
2014-08-21 19:02:57.980 myApp[29717:70b] Unlimited access to network resources
2014-08-21 19:03:00.672 myApp[29717:70b] [CDVTimer][keyboard] 13.627946ms
2014-08-21 19:03:00.673 myApp[29717:70b] CDVPlugin class CDVStatusBar (pluginName: statusbar) does not exist.
2014-08-21 19:03:00.673 myApp[29717:70b] [CDVTimer][statusbar] 0.582993ms
2014-08-21 19:03:00.674 myApp[29717:70b] [CDVTimer][TotalPluginStartup] 15.468001ms
2014-08-21 19:03:01.196 myApp[29717:70b] Resetting plugins due to page load.
2014-08-21 19:03:01.802 myApp[29717:70b] Finished load of: file:///Users/danielnaranjo/Library/Application%20Support/iPhone%20Simulator/7.1/Applications/7E6622E9-7EAE-4081-8DE5-9A50E9DF82AD/myApp.app/www/index.html#/tab/dash
2014-08-21 19:19:31.994 myApp[30098:70b] Multi-tasking -> Device: YES, App: YES
2014-08-21 19:19:32.006 myApp[30098:70b] Unlimited access to network resources
2014-08-21 19:19:32.032 myApp[30098:70b] [CDVTimer][keyboard] 0.095010ms
2014-08-21 19:19:32.033 myApp[30098:70b] CDVPlugin class CDVStatusBar (pluginName: statusbar) does not exist.
2014-08-21 19:19:32.034 myApp[30098:70b] [CDVTimer][statusbar] 0.828028ms
2014-08-21 19:19:32.035 myApp[30098:70b] [CDVTimer][TotalPluginStartup] 2.673030ms
2014-08-21 19:19:32.207 myApp[30098:70b] Resetting plugins due to page load.
2014-08-21 19:19:32.517 myApp[30098:70b] Finished load of: file:///Users/danielnaranjo/Library/Application%20Support/iPhone%20Simulator/7.1/Applications/7E6622E9-7EAE-4081-8DE5-9A50E9DF82AD/myApp.app/www/index.html#/tab/dash
2014-08-21 20:56:44.808 myApp[30925:70b] Multi-tasking -> Device: YES, App: YES
2014-08-21 20:56:44.876 myApp[30925:70b] Unlimited access to network resources
2014-08-21 20:56:44.959 myApp[30925:70b] [CDVTimer][keyboard] 0.063002ms
2014-08-21 20:56:44.960 myApp[30925:70b] CDVPlugin class CDVStatusBar (pluginName: statusbar) does not exist.
2014-08-21 20:56:44.960 myApp[30925:70b] [CDVTimer][statusbar] 0.448048ms
2014-08-21 20:56:44.961 myApp[30925:70b] [CDVTimer][TotalPluginStartup] 1.680970ms
2014-08-21 20:56:45.058 myApp[30925:70b] Resetting plugins due to page load.
2014-08-21 20:56:45.304 myApp[30925:70b] Finished load of: file:///Users/danielnaranjo/Library/Application%20Support/iPhone%20Simulator/7.1/Applications/7E6622E9-7EAE-4081-8DE5-9A50E9DF82AD/myApp.app/www/index.html#/tab/dash
2014-08-25 20:20:08.396 myApp[5994:70b] Multi-tasking -> Device: YES, App: YES
2014-08-25 20:20:08.528 myApp[5994:70b] Unlimited access to network resources
2014-08-25 20:20:10.165 myApp[5994:70b] [CDVTimer][keyboard] 0.078976ms
2014-08-25 20:20:10.166 myApp[5994:70b] CDVPlugin class CDVStatusBar (pluginName: statusbar) does not exist.
2014-08-25 20:20:10.166 myApp[5994:70b] [CDVTimer][statusbar] 0.586987ms
2014-08-25 20:20:10.167 myApp[5994:70b] [CDVTimer][TotalPluginStartup] 1.783013ms
2014-08-25 20:20:10.554 myApp[5994:70b] Resetting plugins due to page load.
2014-08-25 20:20:11.274 myApp[5994:70b] Finished load of: file:///Users/danielnaranjo/Library/Application%20Support/iPhone%20Simulator/7.1/Applications/7E6622E9-7EAE-4081-8DE5-9A50E9DF82AD/myApp.app/www/index.html#/tab/dash
2014-08-25 21:10:32.730 myApp[6533:70b] Multi-tasking -> Device: YES, App: YES
2014-08-25 21:10:32.773 myApp[6533:70b] Unlimited access to network resources
2014-08-25 21:10:35.801 myApp[6533:70b] [CDVTimer][keyboard] 0.083983ms
2014-08-25 21:10:35.802 myApp[6533:70b] CDVPlugin class CDVStatusBar (pluginName: statusbar) does not exist.
2014-08-25 21:10:35.803 myApp[6533:70b] [CDVTimer][statusbar] 0.604033ms
2014-08-25 21:10:35.803 myApp[6533:70b] [CDVTimer][TotalPluginStartup] 1.783967ms
2014-08-25 21:10:36.043 myApp[6533:70b] Resetting plugins due to page load.
2014-08-25 21:10:36.395 myApp[6533:70b] Finished load of: file:///Users/danielnaranjo/Library/Application%20Support/iPhone%20Simulator/7.1/Applications/7E6622E9-7EAE-4081-8DE5-9A50E9DF82AD/myApp.app/www/index.html#/tab/dash
2014-08-26 19:58:37.528 myApp[8313:70b] Multi-tasking -> Device: YES, App: YES
2014-08-26 19:58:37.887 myApp[8313:70b] Unlimited access to network resources
2014-08-26 19:58:42.576 myApp[8313:70b] [CDVTimer][keyboard] 25.973976ms
2014-08-26 19:58:42.577 myApp[8313:70b] CDVPlugin class CDVStatusBar (pluginName: statusbar) does not exist.
2014-08-26 19:58:42.577 myApp[8313:70b] [CDVTimer][statusbar] 0.588000ms
2014-08-26 19:58:42.578 myApp[8313:70b] [CDVTimer][TotalPluginStartup] 27.894020ms
2014-08-26 19:58:44.988 myApp[8313:70b] Resetting plugins due to page load.
2014-08-26 19:58:46.847 myApp[8313:70b] Finished load of: file:///Users/danielnaranjo/Library/Application%20Support/iPhone%20Simulator/7.1/Applications/7E6622E9-7EAE-4081-8DE5-9A50E9DF82AD/myApp.app/www/index.html#/tab/dash
Terminating in response to SpringBoard's termination.
